<?xml version="1.0" encoding="UTF-8"?>
<!-- Generated by org.testng.reporters.JUnitReportReporter -->
<testsuite name="com.testNG.ExceptionTimOutTest" tests="1" time="0.003" ignored="0" failures="0" timestamp="25 Jun 2020 14:10:33 GMT" skipped="0" hostname="DESKTOP-39UJIFT" errors="0">
  <testcase name="testException" time="0.003" classname="com.testNG.ExceptionTimOutTest"/>
</testsuite> <!-- com.testNG.ExceptionTimOutTest -->
