<?xml version="1.0" encoding="UTF-8"?>
<!-- Generated by org.testng.reporters.JUnitReportReporter -->
<testsuite name="com.testNG.TestNGFeatures" tests="4" time="0.000" ignored="0" failures="0" timestamp="25 Jun 2020 14:10:33 GMT" skipped="0" hostname="DESKTOP-39UJIFT" errors="0">
  <testcase name="homePagetest" time="0.000" classname="com.testNG.TestNGFeatures"/>
  <testcase name="Registerpage" time="0.000" classname="com.testNG.TestNGFeatures"/>
  <testcase name="loginTest" time="0.000" classname="com.testNG.TestNGFeatures"/>
  <testcase name="lgoutpage" time="0.000" classname="com.testNG.TestNGFeatures"/>
</testsuite> <!-- com.testNG.TestNGFeatures -->
