<?xml version="1.0" encoding="UTF-8"?>
<!-- Generated by org.testng.reporters.JUnitReportReporter -->
<testsuite name="com.testNG.AssertTestConcept" tests="2" time="51.938" ignored="0" failures="0" timestamp="25 Jun 2020 14:10:33 GMT" skipped="0" hostname="DESKTOP-39UJIFT" errors="0">
  <testcase name="googlelogo" time="29.924" classname="com.testNG.AssertTestConcept"/>
  <testcase name="getgoogletitle" time="22.014" classname="com.testNG.AssertTestConcept"/>
</testsuite> <!-- com.testNG.AssertTestConcept -->
