<?xml version="1.0" encoding="UTF-8"?>
<!-- Generated by org.testng.reporters.JUnitReportReporter -->
<testsuite name="com.testNG.InvocationCountTest" tests="5" time="0.000" ignored="0" failures="0" timestamp="25 Jun 2020 14:10:33 GMT" skipped="0" hostname="DESKTOP-39UJIFT" errors="0">
  <testcase name="sum" time="0.000" classname="com.testNG.InvocationCountTest"/>
  <testcase name="sum" time="0.000" classname="com.testNG.InvocationCountTest"/>
  <testcase name="sum" time="0.000" classname="com.testNG.InvocationCountTest"/>
  <testcase name="sum" time="0.000" classname="com.testNG.InvocationCountTest"/>
  <testcase name="sum" time="0.000" classname="com.testNG.InvocationCountTest"/>
</testsuite> <!-- com.testNG.InvocationCountTest -->
