<?xml version="1.0" encoding="UTF-8"?>
<!-- Generated by org.testng.reporters.JUnitReportReporter -->
<testsuite name="com.testNG.TestNGBasicConcept" tests="3" time="0.016" ignored="0" failures="0" timestamp="25 Jun 2020 14:10:33 GMT" skipped="0" hostname="DESKTOP-39UJIFT" errors="0">
  <testcase name="getTitle" time="0.000" classname="com.testNG.TestNGBasicConcept"/>
  <testcase name="Nextpage" time="0.016" classname="com.testNG.TestNGBasicConcept"/>
  <testcase name="Search" time="0.000" classname="com.testNG.TestNGBasicConcept"/>
</testsuite> <!-- com.testNG.TestNGBasicConcept -->
