<?xml version="1.0" encoding="UTF-8"?>
<!-- Generated by org.testng.reporters.JUnitReportReporter -->
<testsuite skipped="0" hostname="DESKTOP-39UJIFT" name="com.barcode.BarcodeTest" tests="1" failures="0" timestamp="10 Aug 2020 12:38:41 GMT" time="20.752" errors="0">
  <testcase name="barCodeTest" time="20.752" classname="com.barcode.BarcodeTest"/>
</testsuite> <!-- com.barcode.BarcodeTest -->
