<?xml version="1.0" encoding="UTF-8"?>
<!-- Generated by org.testng.reporters.JUnitReportReporter -->
<testsuite skipped="0" hostname="DESKTOP-39UJIFT" name="BarCodeTest" tests="1" failures="0" timestamp="10 Aug 2020 14:30:21 GMT" time="23.832" errors="0">
  <testcase name="barCodeTest" time="23.832" classname="BarCodeTest"/>
</testsuite> <!-- BarCodeTest -->
